<?xml version="1.0" encoding="UTF-8"?>
<!-- Generated by org.testng.reporters.JUnitReportReporter -->
<testsuite name="com.crm.qa.tetcases.LoginPageTest" tests="3" time="183.526" ignored="0" failures="0" timestamp="20 Jan 2018 16:35:41 GMT" skipped="0" hostname="HP-PC" errors="0">
  <testcase name="loginPageTitleTest" time="43.360" classname="com.crm.qa.tetcases.LoginPageTest"/>
  <testcase name="crmLogoImageTest" time="32.006" classname="com.crm.qa.tetcases.LoginPageTest"/>
  <testcase name="loginTest" time="108.160" classname="com.crm.qa.tetcases.LoginPageTest"/>
</testsuite> <!-- com.crm.qa.tetcases.LoginPageTest -->
